[0;37;1mI 19/13/05 14:09:49.540950000: (                       main.init.0.func1:  42) - File descriptor limit is: 24576
[0m[0;36m2 19/13/05 14:09:49.562395000: (       byzcoin.(*Service).startAllChains: 2220) - tls://localhost:7778: Starting as a leader for chain b3d1eb4db98a68f9a8712c9d4f5d1e0f36fa2585154987243b1fa9196923fa32
[0m[0;36m2 19/13/05 14:09:49.562954000: (       byzcoin.(*Service).startAllChains: 2239) - tls://localhost:7778 started heartbeat monitor for block 5 of b3d1eb4db98a68f9a8712c9d4f5d1e0f36fa2585154987243b1fa9196923fa32
[0m[0;36m2 19/13/05 14:09:49.567586000: (       byzcoin.(*Service).startAllChains: 2220) - tls://localhost:7778: Starting as a leader for chain 72a60058fd888e82f8815bf1d798f0dc7c195d54cdcbedfb81c08703f6d5967b
[0m[0;36m2 19/13/05 14:09:49.567861000: (       byzcoin.(*Service).startAllChains: 2239) - tls://localhost:7778 started heartbeat monitor for block 3 of 72a60058fd888e82f8815bf1d798f0dc7c195d54cdcbedfb81c08703f6d5967b
[0m[0;33m1 19/13/05 14:09:49.571765000: (                             service.new:  814) - Pin: 15399a9dd8c0d589b38b60b354dc38b5
[0m[0;33m1 19/13/05 14:09:49.572110000: (                      v3.(*Server).Start:  206) - Starting server at 2019-05-13 14:09:49 on address tls://localhost:7778 with public key c46c5b690220f815a9cee3c0d91efbda075df67bfeb76ecb8188245630909469
[0m[0;36m2 19/13/05 14:09:49.572210000: (                   v3.(*WebSocket).start:  104) - Starting to listen on 0.0.0.0:7779
[0m[0;36m2 19/13/05 14:09:49.572821000: (              byzcoin.(*Service).catchUp: 1119) - tls://localhost:7778 Catching up b3d1eb4db98a68f9a8712c9d4f5d1e0f36fa2585154987243b1fa9196923fa32 / 5
[0m[0;33m1 19/13/05 14:09:49.573286000: (                 network.(*Router).Start:  103) - New router with address tls://[::]:7778 and public key c46c5b690220f815a9cee3c0d91efbda075df67bfeb76ecb8188245630909469
[0m[0;36m2 19/13/05 14:09:49.573442000: (              byzcoin.(*Service).catchUp: 1179) - tls://localhost:7778 Done catch up b3d1eb4db98a68f9a8712c9d4f5d1e0f36fa2585154987243b1fa9196923fa32 / 5
[0m[0;36m2 19/13/05 14:09:49.574049000: (              byzcoin.(*Service).catchUp: 1119) - tls://localhost:7778 Catching up 72a60058fd888e82f8815bf1d798f0dc7c195d54cdcbedfb81c08703f6d5967b / 3
[0m[0;36m2 19/13/05 14:09:49.574851000: (              byzcoin.(*Service).catchUp: 1179) - tls://localhost:7778 Done catch up 72a60058fd888e82f8815bf1d798f0dc7c195d54cdcbedfb81c08703f6d5967b / 3
[0m[0;36m2 19/13/05 14:09:52.077817000: (                      network.NewTLSConn:  407) - NewTLSConn to: tls://localhost:7774
[0m[0;36m2 19/13/05 14:09:52.077953000: (                      network.NewTLSConn:  407) - NewTLSConn to: tls://localhost:7770
[0m[0;36m2 19/13/05 14:09:52.078583000: (                      network.NewTLSConn:  407) - NewTLSConn to: tls://localhost:7770
[0m[0;36m2 19/13/05 14:09:52.078700000: (                      network.NewTLSConn:  407) - NewTLSConn to: tls://localhost:7776
[0m[0;36m2 19/13/05 14:09:52.079011000: (                      network.NewTLSConn:  407) - NewTLSConn to: tls://localhost:7772
[0m[0;36m2 19/13/05 14:09:52.079111000: (                      network.NewTLSConn:  407) - NewTLSConn to: tls://localhost:7774
[0m[0;36m2 19/13/05 14:09:52.079508000: (                      network.NewTLSConn:  407) - NewTLSConn to: tls://localhost:7772
[0m[0;36m2 19/13/05 14:09:52.079716000: (                      network.NewTLSConn:  407) - NewTLSConn to: tls://localhost:7776
[0m