[0;37;1mI 19/13/05 14:11:27.191821000: (                       main.init.0.func1:  42) - File descriptor limit is: 24576
[0m[0;36m2 19/13/05 14:11:27.212629000: (       byzcoin.(*Service).startAllChains: 2220) - tls://localhost:7778: Starting as a leader for chain b3d1eb4db98a68f9a8712c9d4f5d1e0f36fa2585154987243b1fa9196923fa32
[0m[0;36m2 19/13/05 14:11:27.213086000: (       byzcoin.(*Service).startAllChains: 2239) - tls://localhost:7778 started heartbeat monitor for block 5 of b3d1eb4db98a68f9a8712c9d4f5d1e0f36fa2585154987243b1fa9196923fa32
[0m[0;36m2 19/13/05 14:11:27.215916000: (       byzcoin.(*Service).startAllChains: 2220) - tls://localhost:7778: Starting as a leader for chain 72a60058fd888e82f8815bf1d798f0dc7c195d54cdcbedfb81c08703f6d5967b
[0m[0;36m2 19/13/05 14:11:27.216243000: (       byzcoin.(*Service).startAllChains: 2239) - tls://localhost:7778 started heartbeat monitor for block 3 of 72a60058fd888e82f8815bf1d798f0dc7c195d54cdcbedfb81c08703f6d5967b
[0m[0;33m1 19/13/05 14:11:27.220116000: (                             service.new:  814) - Pin: 45d01bfc76405bcdb5b35923912f67a9
[0m[0;36m2 19/13/05 14:11:27.220247000: (              byzcoin.(*Service).catchUp: 1119) - tls://localhost:7778 Catching up b3d1eb4db98a68f9a8712c9d4f5d1e0f36fa2585154987243b1fa9196923fa32 / 5
[0m[0;36m2 19/13/05 14:11:27.220904000: (              byzcoin.(*Service).catchUp: 1179) - tls://localhost:7778 Done catch up b3d1eb4db98a68f9a8712c9d4f5d1e0f36fa2585154987243b1fa9196923fa32 / 5
[0m[0;36m2 19/13/05 14:11:27.221472000: (              byzcoin.(*Service).catchUp: 1119) - tls://localhost:7778 Catching up 72a60058fd888e82f8815bf1d798f0dc7c195d54cdcbedfb81c08703f6d5967b / 3
[0m[0;36m2 19/13/05 14:11:27.222237000: (              byzcoin.(*Service).catchUp: 1179) - tls://localhost:7778 Done catch up 72a60058fd888e82f8815bf1d798f0dc7c195d54cdcbedfb81c08703f6d5967b / 3
[0m[0;33m1 19/13/05 14:11:27.222546000: (                      v3.(*Server).Start:  206) - Starting server at 2019-05-13 14:11:27 on address tls://localhost:7778 with public key c46c5b690220f815a9cee3c0d91efbda075df67bfeb76ecb8188245630909469
[0m[0;36m2 19/13/05 14:11:27.222630000: (                   v3.(*WebSocket).start:  104) - Starting to listen on 0.0.0.0:7779
[0m[0;33m1 19/13/05 14:11:27.222713000: (                 network.(*Router).Start:  103) - New router with address tls://[::]:7778 and public key c46c5b690220f815a9cee3c0d91efbda075df67bfeb76ecb8188245630909469
[0m[0;36m2 19/13/05 14:11:29.723323000: (                      network.NewTLSConn:  407) - NewTLSConn to: tls://localhost:7774
[0m[0;36m2 19/13/05 14:11:29.723513000: (                      network.NewTLSConn:  407) - NewTLSConn to: tls://localhost:7772
[0m[0;36m2 19/13/05 14:11:29.724068000: (                      network.NewTLSConn:  407) - NewTLSConn to: tls://localhost:7776
[0m[0;36m2 19/13/05 14:11:29.724685000: (                      network.NewTLSConn:  407) - NewTLSConn to: tls://localhost:7770
[0m[0;36m2 19/13/05 14:11:29.724949000: (                      network.NewTLSConn:  407) - NewTLSConn to: tls://localhost:7770
[0m[0;36m2 19/13/05 14:11:29.725069000: (                      network.NewTLSConn:  407) - NewTLSConn to: tls://localhost:7776
[0m[0;36m2 19/13/05 14:11:29.725213000: (                      network.NewTLSConn:  407) - NewTLSConn to: tls://localhost:7774
[0m[0;36m2 19/13/05 14:11:29.725263000: (                      network.NewTLSConn:  407) - NewTLSConn to: tls://localhost:7772
[0m